{
  "0 debug pnpm:scope": {
    "selected": 1,
    "workspacePrefix": "/Users/lzy/Downloads/code/ymjd"
  },
  "1 error pnpm": {
    "shortMessage": "Command failed with exit code 1: /private/var/folders/qy/jh_t57ms1j9393gjqnks1j040000gn/T/dlx-77037/bin/create-umi",
    "command": "/private/var/folders/qy/jh_t57ms1j9393gjqnks1j040000gn/T/dlx-77037/bin/create-umi",
    "escapedCommand": "\"/private/var/folders/qy/jh_t57ms1j9393gjqnks1j040000gn/T/dlx-77037/bin/create-umi\"",
    "exitCode": 1,
    "failed": true,
    "timedOut": false,
    "isCanceled": false,
    "killed": false,
    "err": {
      "name": "pnpm",
      "message": "Command failed with exit code 1: /private/var/folders/qy/jh_t57ms1j9393gjqnks1j040000gn/T/dlx-77037/bin/create-umi",
      "stack": "pnpm: Command failed with exit code 1: /private/var/folders/qy/jh_t57ms1j9393gjqnks1j040000gn/T/dlx-77037/bin/create-umi\n    at makeError (/Users/lzy/.config/yarn/global/node_modules/pnpm/dist/pnpm.cjs:42410:17)\n    at handlePromise (/Users/lzy/.config/yarn/global/node_modules/pnpm/dist/pnpm.cjs:42981:33)\n    at processTicksAndRejections (node:internal/process/task_queues:96:5)\n    at async Object.handler (/Users/lzy/.config/yarn/global/node_modules/pnpm/dist/pnpm.cjs:175703:7)\n    at async /Users/lzy/.config/yarn/global/node_modules/pnpm/dist/pnpm.cjs:180328:21\n    at async run (/Users/lzy/.config/yarn/global/node_modules/pnpm/dist/pnpm.cjs:180302:34)\n    at async runPnpm (/Users/lzy/.config/yarn/global/node_modules/pnpm/dist/pnpm.cjs:180513:5)\n    at async /Users/lzy/.config/yarn/global/node_modules/pnpm/dist/pnpm.cjs:180505:7"
    }
  }
}