{
  "0 debug pnpm:scope": {
    "selected": 1,
    "workspacePrefix": "/Users/lzy/Downloads/code/ymjd"
  },
  "1 error pnpm": {
    "code": "ELIFECYCLE",
    "errno": "ENOENT",
    "syscall": "spawn",
    "file": "sh",
    "pkgid": "vct-3@0.1.0",
    "stage": "serve",
    "script": "vue-cli-service serve",
    "pkgname": "vct-3",
    "err": {
      "name": "pnpm",
      "message": "vct-3@0.1.0 serve: `vue-cli-service serve`\nspawn ENOENT",
      "code": "ELIFECYCLE",
      "stack": "pnpm: vct-3@0.1.0 serve: `vue-cli-service serve`\nspawn ENOENT\n    at ChildProcess.<anonymous> (/Users/lzy/pnpm-global/5/node_modules/.pnpm/registry.npmmirror.com+pnpm@7.3.0/node_modules/pnpm/dist/pnpm.cjs:94974:22)\n    at ChildProcess.emit (node:events:390:28)\n    at maybeClose (node:internal/child_process:1064:16)\n    at Process.ChildProcess._handle.onexit (node:internal/child_process:301:5)"
    }
  },
  "2 warn pnpm:global": " Local package.json exists, but node_modules missing, did you mean to install?"
}